2022-05-03 10:42:12.113  INFO [:20880-thread-2] com.flow.eda.runner.utils.FlowLogs       : start running flow 58zsx5ui7go000
2022-05-03 10:42:12.407  INFO [scheduledTask-1] com.flow.eda.runner.utils.FlowLogs       : run [timer] node finished. output:{"input": {"a": "123"}, "timestamp": "10:42:12"}
2022-05-03 10:42:12.409  INFO [:58zsx5ui7go000] com.flow.eda.runner.utils.FlowLogs       : start running [output] node. input:{"input": {"a": "123"}, "timestamp": "10:42:12"}
2022-05-03 10:42:12.409  INFO [:58zsx5ui7go000] com.flow.eda.runner.utils.FlowLogs       : run [output] node finished. output:{"input": {"a": "123"}, "timestamp": "10:42:12", "params": {"a": "123"}}
2022-05-03 10:42:12.401  INFO [:58zsx5ui7go000] com.flow.eda.runner.utils.FlowLogs       : start running [timer] node. input:{"times": "3", "period": "3,SECONDS", "timestamp": "HH:mm:ss", "payload": {"a": "123"}}
2022-05-03 10:42:15.408  INFO [scheduledTask-1] com.flow.eda.runner.utils.FlowLogs       : run [timer] node finished. output:{"input": {"a": "123"}, "timestamp": "10:42:15"}
2022-05-03 10:42:15.410  INFO [:58zsx5ui7go000] com.flow.eda.runner.utils.FlowLogs       : run [output] node finished. output:{"input": {"a": "123"}, "timestamp": "10:42:15", "params": {"a": "123"}}
2022-05-03 10:42:15.410  INFO [:58zsx5ui7go000] com.flow.eda.runner.utils.FlowLogs       : start running [output] node. input:{"input": {"a": "123"}, "timestamp": "10:42:15", "params": {"a": "123"}}
2022-05-03 10:42:18.417  INFO [scheduledTask-1] com.flow.eda.runner.utils.FlowLogs       : run [timer] node finished. output:{"input": {"a": "123"}, "timestamp": "10:42:18"}
2022-05-03 10:42:18.422  INFO [scheduledTask-1] com.flow.eda.runner.utils.FlowLogs       : flow 58zsx5ui7go000 run finished
2022-05-03 10:42:18.425  INFO [:58zsx5ui7go000] com.flow.eda.runner.utils.FlowLogs       : start running [output] node. input:{"input": {"a": "123"}, "timestamp": "10:42:18", "params": {"a": "123"}}
2022-05-03 10:42:18.426  INFO [:58zsx5ui7go000] com.flow.eda.runner.utils.FlowLogs       : run [output] node finished. output:{"input": {"a": "123"}, "timestamp": "10:42:18", "params": {"a": "123"}}
2022-05-03 10:42:18.427  INFO [:58zsx5ui7go000] com.flow.eda.runner.utils.FlowLogs       : flow 58zsx5ui7go000 run finished
2022-05-03 10:42:22.551  INFO [:20880-thread-3] com.flow.eda.runner.utils.FlowLogs       : clean flow 58zsx5ui7go000 cached data
2022-05-03 10:42:44.549  INFO [:20880-thread-4] com.flow.eda.runner.utils.FlowLogs       : start running flow 58zsx5ui7go000
2022-05-03 10:42:44.553  INFO [:58zsx5ui7go000] com.flow.eda.runner.utils.FlowLogs       : start running [timer] node. input:{"times": "3", "period": "3,SECONDS", "timestamp": "HH:mm:ss", "payload": {"a": "123"}}
2022-05-03 10:42:44.555  INFO [scheduledTask-1] com.flow.eda.runner.utils.FlowLogs       : run [timer] node finished. output:{"input": {"a": "123"}, "timestamp": "10:42:44"}
2022-05-03 10:42:44.559  INFO [:58zsx5ui7go000] com.flow.eda.runner.utils.FlowLogs       : run [output] node finished. output:{"input": {"a": "123"}, "timestamp": "10:42:44", "params": {"a": "123"}}
2022-05-03 10:42:44.558  INFO [:58zsx5ui7go000] com.flow.eda.runner.utils.FlowLogs       : start running [output] node. input:{"input": {"a": "123"}, "timestamp": "10:42:44"}
2022-05-03 10:42:47.564  INFO [scheduledTask-1] com.flow.eda.runner.utils.FlowLogs       : run [timer] node finished. output:{"input": {"a": "123"}, "timestamp": "10:42:47"}
2022-05-03 10:42:47.567  INFO [:58zsx5ui7go000] com.flow.eda.runner.utils.FlowLogs       : start running [output] node. input:{"input": {"a": "123"}, "timestamp": "10:42:47", "params": {"a": "123"}}
2022-05-03 10:42:47.568  INFO [:58zsx5ui7go000] com.flow.eda.runner.utils.FlowLogs       : run [output] node finished. output:{"input": {"a": "123"}, "timestamp": "10:42:47", "params": {"a": "123"}}
2022-05-03 10:42:50.569  INFO [scheduledTask-1] com.flow.eda.runner.utils.FlowLogs       : run [timer] node finished. output:{"input": {"a": "123"}, "timestamp": "10:42:50"}
2022-05-03 10:42:50.570  INFO [scheduledTask-1] com.flow.eda.runner.utils.FlowLogs       : flow 58zsx5ui7go000 run finished
2022-05-03 10:42:50.571  INFO [:58zsx5ui7go000] com.flow.eda.runner.utils.FlowLogs       : start running [output] node. input:{"input": {"a": "123"}, "timestamp": "10:42:50", "params": {"a": "123"}}
2022-05-03 10:42:50.571  INFO [:58zsx5ui7go000] com.flow.eda.runner.utils.FlowLogs       : run [output] node finished. output:{"input": {"a": "123"}, "timestamp": "10:42:50", "params": {"a": "123"}}
2022-05-03 10:42:50.571  INFO [:58zsx5ui7go000] com.flow.eda.runner.utils.FlowLogs       : flow 58zsx5ui7go000 run finished
2022-05-03 10:42:50.695  INFO [:20880-thread-5] com.flow.eda.runner.utils.FlowLogs       : clean flow 58zsx5ui7go000 cached data
2022-05-03 10:52:37.937  INFO [:20880-thread-6] com.flow.eda.runner.utils.FlowLogs       : start running flow 58zsx5ui7go000
2022-05-03 10:52:37.944  INFO [:58zsx5ui7go000] com.flow.eda.runner.utils.FlowLogs       : start running [timer] node. input:{"times": "3", "period": "3,SECONDS", "timestamp": "HH:mm:ss", "payload": {"a": "123"}}
2022-05-03 10:52:37.946  INFO [scheduledTask-1] com.flow.eda.runner.utils.FlowLogs       : run [timer] node finished. output:{"input": {"a": "123"}, "timestamp": "10:52:37"}
2022-05-03 10:52:37.950  INFO [:58zsx5ui7go000] com.flow.eda.runner.utils.FlowLogs       : start running [output] node. input:{"input": {"a": "123"}, "timestamp": "10:52:37"}
2022-05-03 10:52:37.950  INFO [:58zsx5ui7go000] com.flow.eda.runner.utils.FlowLogs       : run [output] node finished. output:{"input": {"a": "123"}, "timestamp": "10:52:37", "params": {"a": "123"}}
2022-05-03 10:52:40.954  INFO [scheduledTask-1] com.flow.eda.runner.utils.FlowLogs       : run [timer] node finished. output:{"input": {"a": "123"}, "timestamp": "10:52:40"}
2022-05-03 10:52:40.955  INFO [:58zsx5ui7go000] com.flow.eda.runner.utils.FlowLogs       : start running [output] node. input:{"input": {"a": "123"}, "timestamp": "10:52:40", "params": {"a": "123"}}
2022-05-03 10:52:40.956  INFO [:58zsx5ui7go000] com.flow.eda.runner.utils.FlowLogs       : run [output] node finished. output:{"input": {"a": "123"}, "timestamp": "10:52:40", "params": {"a": "123"}}
2022-05-03 10:52:43.951  INFO [scheduledTask-1] com.flow.eda.runner.utils.FlowLogs       : run [timer] node finished. output:{"input": {"a": "123"}, "timestamp": "10:52:43"}
2022-05-03 10:52:43.953  INFO [scheduledTask-1] com.flow.eda.runner.utils.FlowLogs       : flow 58zsx5ui7go000 run finished
2022-05-03 10:52:43.954  INFO [:58zsx5ui7go000] com.flow.eda.runner.utils.FlowLogs       : start running [output] node. input:{"input": {"a": "123"}, "timestamp": "10:52:43", "params": {"a": "123"}}
2022-05-03 10:52:43.954  INFO [:58zsx5ui7go000] com.flow.eda.runner.utils.FlowLogs       : run [output] node finished. output:{"input": {"a": "123"}, "timestamp": "10:52:43", "params": {"a": "123"}}
2022-05-03 10:52:43.955  INFO [:58zsx5ui7go000] com.flow.eda.runner.utils.FlowLogs       : flow 58zsx5ui7go000 run finished
2022-05-03 10:52:46.093  INFO [:20880-thread-7] com.flow.eda.runner.utils.FlowLogs       : clean flow 58zsx5ui7go000 cached data
2022-05-03 10:54:09.170  INFO [:20880-thread-8] com.flow.eda.runner.utils.FlowLogs       : start running flow 58zsx5ui7go000
2022-05-03 10:54:09.175  INFO [:58zsx5ui7go000] com.flow.eda.runner.utils.FlowLogs       : start running [timer] node. input:{"times": "3", "period": "3,SECONDS", "timestamp": "HH:mm:ss", "payload": {"a": "123"}}
2022-05-03 10:54:09.177  INFO [scheduledTask-1] com.flow.eda.runner.utils.FlowLogs       : run [timer] node finished. output:{"input": {"a": "123"}, "timestamp": "10:54:09"}
2022-05-03 10:54:09.179  INFO [:58zsx5ui7go000] com.flow.eda.runner.utils.FlowLogs       : start running [output] node. input:{"input": {"a": "123"}, "timestamp": "10:54:09"}
2022-05-03 10:54:09.180  INFO [:58zsx5ui7go000] com.flow.eda.runner.utils.FlowLogs       : run [output] node finished. output:{"input": {"a": "123"}, "timestamp": "10:54:09", "params": {"a": "123"}}
2022-05-03 10:54:12.186  INFO [scheduledTask-1] com.flow.eda.runner.utils.FlowLogs       : run [timer] node finished. output:{"input": {"a": "123"}, "timestamp": "10:54:12"}
2022-05-03 10:54:12.188  INFO [:58zsx5ui7go000] com.flow.eda.runner.utils.FlowLogs       : run [output] node finished. output:{"input": {"a": "123"}, "timestamp": "10:54:12", "params": {"a": "123"}}
2022-05-03 10:54:12.187  INFO [:58zsx5ui7go000] com.flow.eda.runner.utils.FlowLogs       : start running [output] node. input:{"input": {"a": "123"}, "timestamp": "10:54:12", "params": {"a": "123"}}
2022-05-03 10:54:15.187  INFO [scheduledTask-1] com.flow.eda.runner.utils.FlowLogs       : run [timer] node finished. output:{"input": {"a": "123"}, "timestamp": "10:54:15"}
2022-05-03 10:54:15.188  INFO [:58zsx5ui7go000] com.flow.eda.runner.utils.FlowLogs       : start running [output] node. input:{"input": {"a": "123"}, "timestamp": "10:54:15", "params": {"a": "123"}}
2022-05-03 10:54:15.188  INFO [:58zsx5ui7go000] com.flow.eda.runner.utils.FlowLogs       : flow 58zsx5ui7go000 run finished
2022-05-03 10:54:15.187  INFO [scheduledTask-1] com.flow.eda.runner.utils.FlowLogs       : flow 58zsx5ui7go000 run finished
2022-05-03 10:54:15.188  INFO [:58zsx5ui7go000] com.flow.eda.runner.utils.FlowLogs       : run [output] node finished. output:{"input": {"a": "123"}, "timestamp": "10:54:15", "params": {"a": "123"}}
2022-05-03 10:54:17.320  INFO [:20880-thread-9] com.flow.eda.runner.utils.FlowLogs       : clean flow 58zsx5ui7go000 cached data
2022-05-03 11:20:09.194  INFO [20880-thread-10] com.flow.eda.runner.utils.FlowLogs       : start running flow 58zsx5ui7go000
2022-05-03 11:20:09.199  INFO [:58zsx5ui7go000] com.flow.eda.runner.utils.FlowLogs       : start running [timer] node. input:{"times": "3", "period": "3,SECONDS", "timestamp": "HH:mm:ss", "payload": {"a": "123"}}
2022-05-03 11:20:09.201  INFO [scheduledTask-1] com.flow.eda.runner.utils.FlowLogs       : run [timer] node finished. output:{"input": {"a": "123"}, "timestamp": "11:20:09"}
2022-05-03 11:20:09.205  INFO [:58zsx5ui7go000] com.flow.eda.runner.utils.FlowLogs       : start running [output] node. input:{"input": {"a": "123"}, "timestamp": "11:20:09"}
2022-05-03 11:20:09.206  INFO [:58zsx5ui7go000] com.flow.eda.runner.utils.FlowLogs       : run [output] node finished. output:{"input": {"a": "123"}, "timestamp": "11:20:09", "params": {"a": "123"}}
2022-05-03 11:20:12.204  INFO [scheduledTask-1] com.flow.eda.runner.utils.FlowLogs       : run [timer] node finished. output:{"input": {"a": "123"}, "timestamp": "11:20:12"}
2022-05-03 11:20:12.204  INFO [:58zsx5ui7go000] com.flow.eda.runner.utils.FlowLogs       : start running [output] node. input:{"input": {"a": "123"}, "timestamp": "11:20:12", "params": {"a": "123"}}
2022-05-03 11:20:12.204  INFO [:58zsx5ui7go000] com.flow.eda.runner.utils.FlowLogs       : run [output] node finished. output:{"input": {"a": "123"}, "timestamp": "11:20:12", "params": {"a": "123"}}
2022-05-03 11:20:15.204  INFO [scheduledTask-1] com.flow.eda.runner.utils.FlowLogs       : run [timer] node finished. output:{"input": {"a": "123"}, "timestamp": "11:20:15"}
2022-05-03 11:20:15.208  INFO [scheduledTask-1] com.flow.eda.runner.utils.FlowLogs       : flow 58zsx5ui7go000 run finished
2022-05-03 11:20:15.210  INFO [:58zsx5ui7go000] com.flow.eda.runner.utils.FlowLogs       : run [output] node finished. output:{"input": {"a": "123"}, "timestamp": "11:20:15", "params": {"a": "123"}}
2022-05-03 11:20:15.210  INFO [:58zsx5ui7go000] com.flow.eda.runner.utils.FlowLogs       : start running [output] node. input:{"input": {"a": "123"}, "timestamp": "11:20:15", "params": {"a": "123"}}
2022-05-03 11:20:15.212  INFO [:58zsx5ui7go000] com.flow.eda.runner.utils.FlowLogs       : flow 58zsx5ui7go000 run finished
2022-05-03 11:20:17.359  INFO [20880-thread-11] com.flow.eda.runner.utils.FlowLogs       : clean flow 58zsx5ui7go000 cached data
2022-05-03 11:24:21.689  INFO [20880-thread-12] com.flow.eda.runner.utils.FlowLogs       : start running flow 58zsx5ui7go000
2022-05-03 11:24:21.691  INFO [:58zsx5ui7go000] com.flow.eda.runner.utils.FlowLogs       : start running [timer] node. input:{"times": "3", "period": "3,SECONDS", "timestamp": "HH:mm:ss", "payload": {"a": "123"}}
2022-05-03 11:24:21.691  INFO [scheduledTask-1] com.flow.eda.runner.utils.FlowLogs       : run [timer] node finished. output:{"input": {"a": "123"}, "timestamp": "11:24:21"}
2022-05-03 11:24:21.692  INFO [:58zsx5ui7go000] com.flow.eda.runner.utils.FlowLogs       : start running [output] node. input:{"input": {"a": "123"}, "timestamp": "11:24:21"}
2022-05-03 11:24:21.692  INFO [:58zsx5ui7go000] com.flow.eda.runner.utils.FlowLogs       : run [output] node finished. output:{"input": {"a": "123"}, "timestamp": "11:24:21", "params": {"a": "123"}}
2022-05-03 11:24:24.697  INFO [scheduledTask-1] com.flow.eda.runner.utils.FlowLogs       : run [timer] node finished. output:{"input": {"a": "123"}, "timestamp": "11:24:24"}
2022-05-03 11:24:24.699  INFO [:58zsx5ui7go000] com.flow.eda.runner.utils.FlowLogs       : start running [output] node. input:{"input": {"a": "123"}, "timestamp": "11:24:24", "params": {"a": "123"}}
2022-05-03 11:24:24.700  INFO [:58zsx5ui7go000] com.flow.eda.runner.utils.FlowLogs       : run [output] node finished. output:{"input": {"a": "123"}, "timestamp": "11:24:24", "params": {"a": "123"}}
2022-05-03 11:24:27.694  INFO [scheduledTask-1] com.flow.eda.runner.utils.FlowLogs       : run [timer] node finished. output:{"input": {"a": "123"}, "timestamp": "11:24:27"}
2022-05-03 11:24:27.697  INFO [scheduledTask-1] com.flow.eda.runner.utils.FlowLogs       : flow 58zsx5ui7go000 run finished
2022-05-03 11:24:27.699  INFO [:58zsx5ui7go000] com.flow.eda.runner.utils.FlowLogs       : start running [output] node. input:{"input": {"a": "123"}, "timestamp": "11:24:27", "params": {"a": "123"}}
2022-05-03 11:24:27.699  INFO [:58zsx5ui7go000] com.flow.eda.runner.utils.FlowLogs       : run [output] node finished. output:{"input": {"a": "123"}, "timestamp": "11:24:27", "params": {"a": "123"}}
2022-05-03 11:24:27.701  INFO [:58zsx5ui7go000] com.flow.eda.runner.utils.FlowLogs       : flow 58zsx5ui7go000 run finished
2022-05-03 11:24:29.851  INFO [20880-thread-13] com.flow.eda.runner.utils.FlowLogs       : clean flow 58zsx5ui7go000 cached data
2022-05-03 11:24:41.959  INFO [20880-thread-14] com.flow.eda.runner.utils.FlowLogs       : start running flow 58zsx5ui7go000
2022-05-03 11:24:41.963  INFO [:58zsx5ui7go000] com.flow.eda.runner.utils.FlowLogs       : start running [timer] node. input:{"times": "3", "period": "3,SECONDS", "timestamp": "HH:mm:ss", "payload": {"a": "123"}}
2022-05-03 11:24:41.965  INFO [scheduledTask-1] com.flow.eda.runner.utils.FlowLogs       : run [timer] node finished. output:{"input": {"a": "123"}, "timestamp": "11:24:41"}
2022-05-03 11:24:41.968  INFO [:58zsx5ui7go000] com.flow.eda.runner.utils.FlowLogs       : start running [output] node. input:{"input": {"a": "123"}, "timestamp": "11:24:41"}
2022-05-03 11:24:41.968  INFO [:58zsx5ui7go000] com.flow.eda.runner.utils.FlowLogs       : run [output] node finished. output:{"input": {"a": "123"}, "timestamp": "11:24:41", "params": {"a": "123"}}
2022-05-03 11:24:44.974  INFO [scheduledTask-1] com.flow.eda.runner.utils.FlowLogs       : run [timer] node finished. output:{"input": {"a": "123"}, "timestamp": "11:24:44"}
2022-05-03 11:24:44.974  INFO [:58zsx5ui7go000] com.flow.eda.runner.utils.FlowLogs       : start running [output] node. input:{"input": {"a": "123"}, "timestamp": "11:24:44", "params": {"a": "123"}}
2022-05-03 11:24:44.975  INFO [:58zsx5ui7go000] com.flow.eda.runner.utils.FlowLogs       : run [output] node finished. output:{"input": {"a": "123"}, "timestamp": "11:24:44", "params": {"a": "123"}}
2022-05-03 11:24:47.973  INFO [scheduledTask-1] com.flow.eda.runner.utils.FlowLogs       : run [timer] node finished. output:{"input": {"a": "123"}, "timestamp": "11:24:47"}
2022-05-03 11:24:47.976  INFO [scheduledTask-1] com.flow.eda.runner.utils.FlowLogs       : flow 58zsx5ui7go000 run finished
2022-05-03 11:24:47.977  INFO [:58zsx5ui7go000] com.flow.eda.runner.utils.FlowLogs       : start running [output] node. input:{"input": {"a": "123"}, "timestamp": "11:24:47", "params": {"a": "123"}}
2022-05-03 11:24:47.978  INFO [:58zsx5ui7go000] com.flow.eda.runner.utils.FlowLogs       : run [output] node finished. output:{"input": {"a": "123"}, "timestamp": "11:24:47", "params": {"a": "123"}}
2022-05-03 11:24:47.978  INFO [:58zsx5ui7go000] com.flow.eda.runner.utils.FlowLogs       : flow 58zsx5ui7go000 run finished
2022-05-03 11:24:50.125  INFO [20880-thread-15] com.flow.eda.runner.utils.FlowLogs       : clean flow 58zsx5ui7go000 cached data
2022-05-03 11:25:04.486  INFO [20880-thread-16] com.flow.eda.runner.utils.FlowLogs       : start running flow 58zsx5ui7go000
2022-05-03 11:25:04.488  INFO [:58zsx5ui7go000] com.flow.eda.runner.utils.FlowLogs       : start running [timer] node. input:{"times": "3", "period": "3,SECONDS", "timestamp": "HH:mm:ss", "payload": {"a": "123"}}
2022-05-03 11:25:04.488  INFO [scheduledTask-1] com.flow.eda.runner.utils.FlowLogs       : run [timer] node finished. output:{"input": {"a": "123"}, "timestamp": "11:25:04"}
2022-05-03 11:25:04.489  INFO [:58zsx5ui7go000] com.flow.eda.runner.utils.FlowLogs       : start running [output] node. input:{"input": {"a": "123"}, "timestamp": "11:25:04"}
2022-05-03 11:25:04.489  INFO [:58zsx5ui7go000] com.flow.eda.runner.utils.FlowLogs       : run [output] node finished. output:{"input": {"a": "123"}, "timestamp": "11:25:04", "params": {"a": "123"}}
2022-05-03 11:25:07.490  INFO [scheduledTask-1] com.flow.eda.runner.utils.FlowLogs       : run [timer] node finished. output:{"input": {"a": "123"}, "timestamp": "11:25:07"}
2022-05-03 11:25:07.493  INFO [:58zsx5ui7go000] com.flow.eda.runner.utils.FlowLogs       : start running [output] node. input:{"input": {"a": "123"}, "timestamp": "11:25:07", "params": {"a": "123"}}
2022-05-03 11:25:07.493  INFO [:58zsx5ui7go000] com.flow.eda.runner.utils.FlowLogs       : run [output] node finished. output:{"input": {"a": "123"}, "timestamp": "11:25:07", "params": {"a": "123"}}
2022-05-03 11:25:10.492  INFO [scheduledTask-1] com.flow.eda.runner.utils.FlowLogs       : run [timer] node finished. output:{"input": {"a": "123"}, "timestamp": "11:25:10"}
2022-05-03 11:25:10.493  INFO [scheduledTask-1] com.flow.eda.runner.utils.FlowLogs       : flow 58zsx5ui7go000 run finished
2022-05-03 11:25:10.494  INFO [:58zsx5ui7go000] com.flow.eda.runner.utils.FlowLogs       : start running [output] node. input:{"input": {"a": "123"}, "timestamp": "11:25:10", "params": {"a": "123"}}
2022-05-03 11:25:10.495  INFO [:58zsx5ui7go000] com.flow.eda.runner.utils.FlowLogs       : run [output] node finished. output:{"input": {"a": "123"}, "timestamp": "11:25:10", "params": {"a": "123"}}
2022-05-03 11:25:10.495  INFO [:58zsx5ui7go000] com.flow.eda.runner.utils.FlowLogs       : flow 58zsx5ui7go000 run finished
2022-05-03 11:25:12.662  INFO [20880-thread-17] com.flow.eda.runner.utils.FlowLogs       : clean flow 58zsx5ui7go000 cached data
2022-05-03 11:25:51.737  INFO [20880-thread-18] com.flow.eda.runner.utils.FlowLogs       : start running flow 58zsx5ui7go000
2022-05-03 11:25:51.738  INFO [:58zsx5ui7go000] com.flow.eda.runner.utils.FlowLogs       : start running [timer] node. input:{"times": "3", "period": "3,SECONDS", "timestamp": "HH:mm:ss", "payload": {"a": "123"}}
2022-05-03 11:25:51.739  INFO [scheduledTask-1] com.flow.eda.runner.utils.FlowLogs       : run [timer] node finished. output:{"input": {"a": "123"}, "timestamp": "11:25:51"}
2022-05-03 11:25:51.739  INFO [:58zsx5ui7go000] com.flow.eda.runner.utils.FlowLogs       : run [output] node finished. output:{"input": {"a": "123"}, "timestamp": "11:25:51", "params": {"a": "123"}}
2022-05-03 11:25:51.739  INFO [:58zsx5ui7go000] com.flow.eda.runner.utils.FlowLogs       : start running [output] node. input:{"input": {"a": "123"}, "timestamp": "11:25:51"}
2022-05-03 11:25:54.745  INFO [scheduledTask-1] com.flow.eda.runner.utils.FlowLogs       : run [timer] node finished. output:{"input": {"a": "123"}, "timestamp": "11:25:54"}
2022-05-03 11:25:54.747  INFO [:58zsx5ui7go000] com.flow.eda.runner.utils.FlowLogs       : run [output] node finished. output:{"input": {"a": "123"}, "timestamp": "11:25:54", "params": {"a": "123"}}
2022-05-03 11:25:54.747  INFO [:58zsx5ui7go000] com.flow.eda.runner.utils.FlowLogs       : start running [output] node. input:{"input": {"a": "123"}, "timestamp": "11:25:54", "params": {"a": "123"}}
2022-05-03 11:25:57.745  INFO [scheduledTask-1] com.flow.eda.runner.utils.FlowLogs       : run [timer] node finished. output:{"input": {"a": "123"}, "timestamp": "11:25:57"}
2022-05-03 11:25:57.747  INFO [scheduledTask-1] com.flow.eda.runner.utils.FlowLogs       : flow 58zsx5ui7go000 run finished
2022-05-03 11:25:57.748  INFO [:58zsx5ui7go000] com.flow.eda.runner.utils.FlowLogs       : start running [output] node. input:{"input": {"a": "123"}, "timestamp": "11:25:57", "params": {"a": "123"}}
2022-05-03 11:25:57.749  INFO [:58zsx5ui7go000] com.flow.eda.runner.utils.FlowLogs       : flow 58zsx5ui7go000 run finished
2022-05-03 11:25:57.748  INFO [:58zsx5ui7go000] com.flow.eda.runner.utils.FlowLogs       : run [output] node finished. output:{"input": {"a": "123"}, "timestamp": "11:25:57", "params": {"a": "123"}}
2022-05-03 11:25:59.901  INFO [20880-thread-19] com.flow.eda.runner.utils.FlowLogs       : clean flow 58zsx5ui7go000 cached data
2022-05-03 11:26:51.952  INFO [20880-thread-20] com.flow.eda.runner.utils.FlowLogs       : start running flow 58zsx5ui7go000
2022-05-03 11:26:51.958  INFO [scheduledTask-1] com.flow.eda.runner.utils.FlowLogs       : run [timer] node finished. output:{"input": {"a": "123"}, "timestamp": "11:26:51"}
2022-05-03 11:26:51.958  INFO [:58zsx5ui7go000] com.flow.eda.runner.utils.FlowLogs       : start running [timer] node. input:{"times": "3", "period": "3,SECONDS", "timestamp": "HH:mm:ss", "payload": {"a": "123"}}
2022-05-03 11:26:51.959  INFO [:58zsx5ui7go000] com.flow.eda.runner.utils.FlowLogs       : run [output] node finished. output:{"input": {"a": "123"}, "timestamp": "11:26:51", "params": {"a": "123"}}
2022-05-03 11:26:51.959  INFO [:58zsx5ui7go000] com.flow.eda.runner.utils.FlowLogs       : start running [output] node. input:{"input": {"a": "123"}, "timestamp": "11:26:51"}
2022-05-03 11:26:54.964  INFO [scheduledTask-1] com.flow.eda.runner.utils.FlowLogs       : run [timer] node finished. output:{"input": {"a": "123"}, "timestamp": "11:26:54"}
2022-05-03 11:26:54.965  INFO [:58zsx5ui7go000] com.flow.eda.runner.utils.FlowLogs       : start running [output] node. input:{"input": {"a": "123"}, "timestamp": "11:26:54", "params": {"a": "123"}}
2022-05-03 11:26:54.966  INFO [:58zsx5ui7go000] com.flow.eda.runner.utils.FlowLogs       : run [output] node finished. output:{"input": {"a": "123"}, "timestamp": "11:26:54", "params": {"a": "123"}}
2022-05-03 11:26:57.968  INFO [scheduledTask-1] com.flow.eda.runner.utils.FlowLogs       : flow 58zsx5ui7go000 run finished
2022-05-03 11:26:57.969  INFO [:58zsx5ui7go000] com.flow.eda.runner.utils.FlowLogs       : start running [output] node. input:{"input": {"a": "123"}, "timestamp": "11:26:57", "params": {"a": "123"}}
2022-05-03 11:26:57.968  INFO [scheduledTask-1] com.flow.eda.runner.utils.FlowLogs       : run [timer] node finished. output:{"input": {"a": "123"}, "timestamp": "11:26:57"}
2022-05-03 11:26:57.969  INFO [:58zsx5ui7go000] com.flow.eda.runner.utils.FlowLogs       : run [output] node finished. output:{"input": {"a": "123"}, "timestamp": "11:26:57", "params": {"a": "123"}}
2022-05-03 11:26:57.969  INFO [:58zsx5ui7go000] com.flow.eda.runner.utils.FlowLogs       : flow 58zsx5ui7go000 run finished
2022-05-03 11:27:00.116  INFO [20880-thread-21] com.flow.eda.runner.utils.FlowLogs       : clean flow 58zsx5ui7go000 cached data
2022-05-03 11:27:50.051  INFO [20880-thread-22] com.flow.eda.runner.utils.FlowLogs       : start running flow 58zsx5ui7go000
2022-05-03 11:27:50.054  INFO [:58zsx5ui7go000] com.flow.eda.runner.utils.FlowLogs       : start running [timer] node. input:{"times": "3", "period": "3,SECONDS", "timestamp": "HH:mm:ss", "payload": {"a": "123"}}
2022-05-03 11:27:50.056  INFO [scheduledTask-1] com.flow.eda.runner.utils.FlowLogs       : run [timer] node finished. output:{"input": {"a": "123"}, "timestamp": "11:27:50"}
2022-05-03 11:27:50.058  INFO [:58zsx5ui7go000] com.flow.eda.runner.utils.FlowLogs       : start running [output] node. input:{"input": {"a": "123"}, "timestamp": "11:27:50"}
2022-05-03 11:27:50.058  INFO [:58zsx5ui7go000] com.flow.eda.runner.utils.FlowLogs       : run [output] node finished. output:{"input": {"a": "123"}, "timestamp": "11:27:50", "params": {"a": "123"}}
2022-05-03 11:27:53.064  INFO [scheduledTask-1] com.flow.eda.runner.utils.FlowLogs       : run [timer] node finished. output:{"input": {"a": "123"}, "timestamp": "11:27:53"}
2022-05-03 11:27:53.065  INFO [:58zsx5ui7go000] com.flow.eda.runner.utils.FlowLogs       : run [output] node finished. output:{"input": {"a": "123"}, "timestamp": "11:27:53", "params": {"a": "123"}}
2022-05-03 11:27:53.064  INFO [:58zsx5ui7go000] com.flow.eda.runner.utils.FlowLogs       : start running [output] node. input:{"input": {"a": "123"}, "timestamp": "11:27:53", "params": {"a": "123"}}
2022-05-03 11:27:56.062  INFO [scheduledTask-1] com.flow.eda.runner.utils.FlowLogs       : run [timer] node finished. output:{"input": {"a": "123"}, "timestamp": "11:27:56"}
2022-05-03 11:27:56.065  INFO [scheduledTask-1] com.flow.eda.runner.utils.FlowLogs       : flow 58zsx5ui7go000 run finished
2022-05-03 11:27:56.067  INFO [:58zsx5ui7go000] com.flow.eda.runner.utils.FlowLogs       : start running [output] node. input:{"input": {"a": "123"}, "timestamp": "11:27:56", "params": {"a": "123"}}
2022-05-03 11:27:56.067  INFO [:58zsx5ui7go000] com.flow.eda.runner.utils.FlowLogs       : run [output] node finished. output:{"input": {"a": "123"}, "timestamp": "11:27:56", "params": {"a": "123"}}
2022-05-03 11:27:56.068  INFO [:58zsx5ui7go000] com.flow.eda.runner.utils.FlowLogs       : flow 58zsx5ui7go000 run finished
2022-05-03 11:27:58.209  INFO [20880-thread-23] com.flow.eda.runner.utils.FlowLogs       : clean flow 58zsx5ui7go000 cached data
2022-05-03 11:28:59.484  INFO [20880-thread-24] com.flow.eda.runner.utils.FlowLogs       : start running flow 58zsx5ui7go000
2022-05-03 11:28:59.489  INFO [:58zsx5ui7go000] com.flow.eda.runner.utils.FlowLogs       : start running [timer] node. input:{"times": "3", "period": "3,SECONDS", "timestamp": "HH:mm:ss", "payload": {"a": "123"}}
2022-05-03 11:28:59.490  INFO [scheduledTask-1] com.flow.eda.runner.utils.FlowLogs       : run [timer] node finished. output:{"input": {"a": "123"}, "timestamp": "11:28:59"}
2022-05-03 11:28:59.491  INFO [:58zsx5ui7go000] com.flow.eda.runner.utils.FlowLogs       : start running [output] node. input:{"input": {"a": "123"}, "timestamp": "11:28:59"}
2022-05-03 11:28:59.491  INFO [:58zsx5ui7go000] com.flow.eda.runner.utils.FlowLogs       : run [output] node finished. output:{"input": {"a": "123"}, "timestamp": "11:28:59", "params": {"a": "123"}}
2022-05-03 11:29:02.500  INFO [scheduledTask-1] com.flow.eda.runner.utils.FlowLogs       : run [timer] node finished. output:{"input": {"a": "123"}, "timestamp": "11:29:02"}
2022-05-03 11:29:02.502  INFO [:58zsx5ui7go000] com.flow.eda.runner.utils.FlowLogs       : start running [output] node. input:{"input": {"a": "123"}, "timestamp": "11:29:02", "params": {"a": "123"}}
2022-05-03 11:29:02.502  INFO [:58zsx5ui7go000] com.flow.eda.runner.utils.FlowLogs       : run [output] node finished. output:{"input": {"a": "123"}, "timestamp": "11:29:02", "params": {"a": "123"}}
2022-05-03 11:29:05.498  INFO [scheduledTask-1] com.flow.eda.runner.utils.FlowLogs       : run [timer] node finished. output:{"input": {"a": "123"}, "timestamp": "11:29:05"}
2022-05-03 11:29:05.501  INFO [scheduledTask-1] com.flow.eda.runner.utils.FlowLogs       : flow 58zsx5ui7go000 run finished
2022-05-03 11:29:05.502  INFO [:58zsx5ui7go000] com.flow.eda.runner.utils.FlowLogs       : start running [output] node. input:{"input": {"a": "123"}, "timestamp": "11:29:05", "params": {"a": "123"}}
2022-05-03 11:29:05.503  INFO [:58zsx5ui7go000] com.flow.eda.runner.utils.FlowLogs       : flow 58zsx5ui7go000 run finished
2022-05-03 11:29:05.503  INFO [:58zsx5ui7go000] com.flow.eda.runner.utils.FlowLogs       : run [output] node finished. output:{"input": {"a": "123"}, "timestamp": "11:29:05", "params": {"a": "123"}}
2022-05-03 11:29:07.653  INFO [20880-thread-25] com.flow.eda.runner.utils.FlowLogs       : clean flow 58zsx5ui7go000 cached data
2022-05-03 11:30:21.943  INFO [20880-thread-26] com.flow.eda.runner.utils.FlowLogs       : start running flow 58zsx5ui7go000
2022-05-03 11:30:21.944  INFO [:58zsx5ui7go000] com.flow.eda.runner.utils.FlowLogs       : start running [timer] node. input:{"times": "3", "period": "3,SECONDS", "timestamp": "HH:mm:ss", "payload": {"a": "123"}}
2022-05-03 11:30:21.945  INFO [scheduledTask-1] com.flow.eda.runner.utils.FlowLogs       : run [timer] node finished. output:{"input": {"a": "123"}, "timestamp": "11:30:21"}
2022-05-03 11:30:21.946  INFO [:58zsx5ui7go000] com.flow.eda.runner.utils.FlowLogs       : start running [output] node. input:{"input": {"a": "123"}, "timestamp": "11:30:21"}
2022-05-03 11:30:21.946  INFO [:58zsx5ui7go000] com.flow.eda.runner.utils.FlowLogs       : run [output] node finished. output:{"input": {"a": "123"}, "timestamp": "11:30:21", "params": {"a": "123"}}
2022-05-03 11:30:24.955  INFO [scheduledTask-1] com.flow.eda.runner.utils.FlowLogs       : run [timer] node finished. output:{"input": {"a": "123"}, "timestamp": "11:30:24"}
2022-05-03 11:30:24.956  INFO [:58zsx5ui7go000] com.flow.eda.runner.utils.FlowLogs       : run [output] node finished. output:{"input": {"a": "123"}, "timestamp": "11:30:24", "params": {"a": "123"}}
2022-05-03 11:30:24.955  INFO [:58zsx5ui7go000] com.flow.eda.runner.utils.FlowLogs       : start running [output] node. input:{"input": {"a": "123"}, "timestamp": "11:30:24", "params": {"a": "123"}}
2022-05-03 11:30:27.951  INFO [scheduledTask-1] com.flow.eda.runner.utils.FlowLogs       : run [timer] node finished. output:{"input": {"a": "123"}, "timestamp": "11:30:27"}
2022-05-03 11:30:27.959  INFO [scheduledTask-1] com.flow.eda.runner.utils.FlowLogs       : flow 58zsx5ui7go000 run finished
2022-05-03 11:30:27.961  INFO [:58zsx5ui7go000] com.flow.eda.runner.utils.FlowLogs       : start running [output] node. input:{"input": {"a": "123"}, "timestamp": "11:30:27", "params": {"a": "123"}}
2022-05-03 11:30:27.961  INFO [:58zsx5ui7go000] com.flow.eda.runner.utils.FlowLogs       : run [output] node finished. output:{"input": {"a": "123"}, "timestamp": "11:30:27", "params": {"a": "123"}}
2022-05-03 11:30:27.963  INFO [:58zsx5ui7go000] com.flow.eda.runner.utils.FlowLogs       : flow 58zsx5ui7go000 run finished
2022-05-03 11:30:30.108  INFO [20880-thread-27] com.flow.eda.runner.utils.FlowLogs       : clean flow 58zsx5ui7go000 cached data
2022-05-03 11:31:56.852  INFO [20880-thread-28] com.flow.eda.runner.utils.FlowLogs       : start running flow 58zsx5ui7go000
2022-05-03 11:31:56.856  INFO [:58zsx5ui7go000] com.flow.eda.runner.utils.FlowLogs       : start running [timer] node. input:{"times": "3", "period": "3,SECONDS", "timestamp": "HH:mm:ss", "payload": {"a": "123"}}
2022-05-03 11:31:56.857  INFO [scheduledTask-1] com.flow.eda.runner.utils.FlowLogs       : run [timer] node finished. output:{"input": {"a": "123"}, "timestamp": "11:31:56"}
2022-05-03 11:31:56.858  INFO [:58zsx5ui7go000] com.flow.eda.runner.utils.FlowLogs       : start running [output] node. input:{"input": {"a": "123"}, "timestamp": "11:31:56"}
2022-05-03 11:31:56.858  INFO [:58zsx5ui7go000] com.flow.eda.runner.utils.FlowLogs       : run [output] node finished. output:{"input": {"a": "123"}, "timestamp": "11:31:56", "params": {"a": "123"}}
2022-05-03 11:31:59.865  INFO [scheduledTask-1] com.flow.eda.runner.utils.FlowLogs       : run [timer] node finished. output:{"input": {"a": "123"}, "timestamp": "11:31:59"}
2022-05-03 11:31:59.867  INFO [:58zsx5ui7go000] com.flow.eda.runner.utils.FlowLogs       : run [output] node finished. output:{"input": {"a": "123"}, "timestamp": "11:31:59", "params": {"a": "123"}}
2022-05-03 11:31:59.867  INFO [:58zsx5ui7go000] com.flow.eda.runner.utils.FlowLogs       : start running [output] node. input:{"input": {"a": "123"}, "timestamp": "11:31:59", "params": {"a": "123"}}
2022-05-03 11:32:02.869  INFO [scheduledTask-1] com.flow.eda.runner.utils.FlowLogs       : flow 58zsx5ui7go000 run finished
2022-05-03 11:32:02.869  INFO [scheduledTask-1] com.flow.eda.runner.utils.FlowLogs       : run [timer] node finished. output:{"input": {"a": "123"}, "timestamp": "11:32:02"}
2022-05-03 11:32:02.870  INFO [:58zsx5ui7go000] com.flow.eda.runner.utils.FlowLogs       : run [output] node finished. output:{"input": {"a": "123"}, "timestamp": "11:32:02", "params": {"a": "123"}}
2022-05-03 11:32:02.870  INFO [:58zsx5ui7go000] com.flow.eda.runner.utils.FlowLogs       : flow 58zsx5ui7go000 run finished
2022-05-03 11:32:02.870  INFO [:58zsx5ui7go000] com.flow.eda.runner.utils.FlowLogs       : start running [output] node. input:{"input": {"a": "123"}, "timestamp": "11:32:02", "params": {"a": "123"}}
2022-05-03 11:32:04.999  INFO [20880-thread-29] com.flow.eda.runner.utils.FlowLogs       : clean flow 58zsx5ui7go000 cached data
2022-05-03 11:32:56.697  INFO [20880-thread-30] com.flow.eda.runner.utils.FlowLogs       : start running flow 58zsx5ui7go000
2022-05-03 11:32:56.699  INFO [scheduledTask-1] com.flow.eda.runner.utils.FlowLogs       : run [timer] node finished. output:{"input": {"a": "123"}, "timestamp": "11:32:56"}
2022-05-03 11:32:56.700  INFO [:58zsx5ui7go000] com.flow.eda.runner.utils.FlowLogs       : run [output] node finished. output:{"input": {"a": "123"}, "timestamp": "11:32:56", "params": {"a": "123"}}
2022-05-03 11:32:56.699  INFO [:58zsx5ui7go000] com.flow.eda.runner.utils.FlowLogs       : start running [timer] node. input:{"times": "3", "period": "5,SECONDS", "timestamp": "HH:mm:ss", "payload": {"a": "123"}}
2022-05-03 11:32:56.700  INFO [:58zsx5ui7go000] com.flow.eda.runner.utils.FlowLogs       : start running [output] node. input:{"input": {"a": "123"}, "timestamp": "11:32:56"}
2022-05-03 11:32:58.589  INFO [20880-thread-31] com.flow.eda.runner.utils.FlowLogs       : stop flow 58zsx5ui7go000
2022-05-03 11:33:00.928  INFO [20880-thread-32] com.flow.eda.runner.utils.FlowLogs       : clean flow 58zsx5ui7go000 cached data
2022-05-03 11:34:25.151  INFO [20880-thread-33] com.flow.eda.runner.utils.FlowLogs       : start running flow 58zsx5ui7go000
2022-05-03 11:34:25.155  INFO [:58zsx5ui7go000] com.flow.eda.runner.utils.FlowLogs       : start running [timer] node. input:{"times": "3", "period": "5,SECONDS", "timestamp": "HH:mm:ss", "payload": {"a": "123"}}
2022-05-03 11:34:25.157  INFO [scheduledTask-1] com.flow.eda.runner.utils.FlowLogs       : run [timer] node finished. output:{"input": {"a": "123"}, "timestamp": "11:34:25"}
2022-05-03 11:34:25.159  INFO [:58zsx5ui7go000] com.flow.eda.runner.utils.FlowLogs       : start running [output] node. input:{"input": {"a": "123"}, "timestamp": "11:34:25"}
2022-05-03 11:34:25.160  INFO [:58zsx5ui7go000] com.flow.eda.runner.utils.FlowLogs       : run [output] node finished. output:{"input": {"a": "123"}, "timestamp": "11:34:25", "params": {"a": "123"}}
2022-05-03 11:34:30.159  INFO [scheduledTask-1] com.flow.eda.runner.utils.FlowLogs       : run [timer] node finished. output:{"input": {"a": "123"}, "timestamp": "11:34:30"}
2022-05-03 11:34:30.161  INFO [:58zsx5ui7go000] com.flow.eda.runner.utils.FlowLogs       : run [output] node finished. output:{"input": {"a": "123"}, "timestamp": "11:34:30", "params": {"a": "123"}}
2022-05-03 11:34:30.160  INFO [:58zsx5ui7go000] com.flow.eda.runner.utils.FlowLogs       : start running [output] node. input:{"input": {"a": "123"}, "timestamp": "11:34:30", "params": {"a": "123"}}
2022-05-03 11:34:35.170  INFO [scheduledTask-1] com.flow.eda.runner.utils.FlowLogs       : run [timer] node finished. output:{"input": {"a": "123"}, "timestamp": "11:34:35"}
2022-05-03 11:34:35.172  INFO [:58zsx5ui7go000] com.flow.eda.runner.utils.FlowLogs       : start running [output] node. input:{"input": {"a": "123"}, "timestamp": "11:34:35", "params": {"a": "123"}}
2022-05-03 11:34:35.171  INFO [scheduledTask-1] com.flow.eda.runner.utils.FlowLogs       : flow 58zsx5ui7go000 run finished
2022-05-03 11:34:35.172  INFO [:58zsx5ui7go000] com.flow.eda.runner.utils.FlowLogs       : run [output] node finished. output:{"input": {"a": "123"}, "timestamp": "11:34:35", "params": {"a": "123"}}
2022-05-03 11:34:35.172  INFO [:58zsx5ui7go000] com.flow.eda.runner.utils.FlowLogs       : flow 58zsx5ui7go000 run finished
2022-05-03 11:34:39.400  INFO [20880-thread-34] com.flow.eda.runner.utils.FlowLogs       : clean flow 58zsx5ui7go000 cached data
2022-05-03 11:34:40.815  INFO [20880-thread-35] com.flow.eda.runner.utils.FlowLogs       : start running flow 58zsx5ui7go000
2022-05-03 11:34:40.816  INFO [:58zsx5ui7go000] com.flow.eda.runner.utils.FlowLogs       : start running [timer] node. input:{"times": "3", "period": "3,SECONDS", "timestamp": "HH:mm:ss", "payload": {"a": "123"}}
2022-05-03 11:34:40.817  INFO [scheduledTask-1] com.flow.eda.runner.utils.FlowLogs       : run [timer] node finished. output:{"input": {"a": "123"}, "timestamp": "11:34:40"}
2022-05-03 11:34:40.817  INFO [:58zsx5ui7go000] com.flow.eda.runner.utils.FlowLogs       : run [output] node finished. output:{"input": {"a": "123"}, "timestamp": "11:34:40", "params": {"a": "123"}}
2022-05-03 11:34:40.817  INFO [:58zsx5ui7go000] com.flow.eda.runner.utils.FlowLogs       : start running [output] node. input:{"input": {"a": "123"}, "timestamp": "11:34:40"}
2022-05-03 11:34:43.827  INFO [scheduledTask-1] com.flow.eda.runner.utils.FlowLogs       : run [timer] node finished. output:{"input": {"a": "123"}, "timestamp": "11:34:43"}
2022-05-03 11:34:43.828  INFO [:58zsx5ui7go000] com.flow.eda.runner.utils.FlowLogs       : start running [output] node. input:{"input": {"a": "123"}, "timestamp": "11:34:43", "params": {"a": "123"}}
2022-05-03 11:34:43.829  INFO [:58zsx5ui7go000] com.flow.eda.runner.utils.FlowLogs       : run [output] node finished. output:{"input": {"a": "123"}, "timestamp": "11:34:43", "params": {"a": "123"}}
2022-05-03 11:34:46.824  INFO [scheduledTask-1] com.flow.eda.runner.utils.FlowLogs       : run [timer] node finished. output:{"input": {"a": "123"}, "timestamp": "11:34:46"}
2022-05-03 11:34:46.825  INFO [scheduledTask-1] com.flow.eda.runner.utils.FlowLogs       : flow 58zsx5ui7go000 run finished
2022-05-03 11:34:46.826  INFO [:58zsx5ui7go000] com.flow.eda.runner.utils.FlowLogs       : start running [output] node. input:{"input": {"a": "123"}, "timestamp": "11:34:46", "params": {"a": "123"}}
2022-05-03 11:34:46.827  INFO [:58zsx5ui7go000] com.flow.eda.runner.utils.FlowLogs       : run [output] node finished. output:{"input": {"a": "123"}, "timestamp": "11:34:46", "params": {"a": "123"}}
2022-05-03 11:34:46.827  INFO [:58zsx5ui7go000] com.flow.eda.runner.utils.FlowLogs       : flow 58zsx5ui7go000 run finished
2022-05-03 11:34:48.980  INFO [20880-thread-36] com.flow.eda.runner.utils.FlowLogs       : clean flow 58zsx5ui7go000 cached data
2022-05-03 11:35:07.560  INFO [20880-thread-37] com.flow.eda.runner.utils.FlowLogs       : start running flow 58zsx5ui7go000
2022-05-03 11:35:07.563  INFO [:58zsx5ui7go000] com.flow.eda.runner.utils.FlowLogs       : start running [timer] node. input:{"times": "3", "period": "3,SECONDS", "timestamp": "HH:mm:ss", "payload": {"a": "123"}}
2022-05-03 11:35:07.565  INFO [scheduledTask-1] com.flow.eda.runner.utils.FlowLogs       : run [timer] node finished. output:{"input": {"a": "123"}, "timestamp": "11:35:07"}
2022-05-03 11:35:07.568  INFO [:58zsx5ui7go000] com.flow.eda.runner.utils.FlowLogs       : start running [output] node. input:{"input": {"a": "123"}, "timestamp": "11:35:07"}
2022-05-03 11:35:07.568  INFO [:58zsx5ui7go000] com.flow.eda.runner.utils.FlowLogs       : run [output] node finished. output:{"input": {"a": "123"}, "timestamp": "11:35:07", "params": {"a": "123"}}
2022-05-03 11:35:10.569  INFO [scheduledTask-1] com.flow.eda.runner.utils.FlowLogs       : run [timer] node finished. output:{"input": {"a": "123"}, "timestamp": "11:35:10"}
2022-05-03 11:35:10.570  INFO [:58zsx5ui7go000] com.flow.eda.runner.utils.FlowLogs       : run [output] node finished. output:{"input": {"a": "123"}, "timestamp": "11:35:10", "params": {"a": "123"}}
2022-05-03 11:35:10.570  INFO [:58zsx5ui7go000] com.flow.eda.runner.utils.FlowLogs       : start running [output] node. input:{"input": {"a": "123"}, "timestamp": "11:35:10", "params": {"a": "123"}}
2022-05-03 11:35:13.578  INFO [scheduledTask-1] com.flow.eda.runner.utils.FlowLogs       : run [timer] node finished. output:{"input": {"a": "123"}, "timestamp": "11:35:13"}
2022-05-03 11:35:13.579  INFO [scheduledTask-1] com.flow.eda.runner.utils.FlowLogs       : flow 58zsx5ui7go000 run finished
2022-05-03 11:35:13.580  INFO [:58zsx5ui7go000] com.flow.eda.runner.utils.FlowLogs       : start running [output] node. input:{"input": {"a": "123"}, "timestamp": "11:35:13", "params": {"a": "123"}}
2022-05-03 11:35:13.580  INFO [:58zsx5ui7go000] com.flow.eda.runner.utils.FlowLogs       : flow 58zsx5ui7go000 run finished
2022-05-03 11:35:13.580  INFO [:58zsx5ui7go000] com.flow.eda.runner.utils.FlowLogs       : run [output] node finished. output:{"input": {"a": "123"}, "timestamp": "11:35:13", "params": {"a": "123"}}
2022-05-03 11:35:15.734  INFO [20880-thread-38] com.flow.eda.runner.utils.FlowLogs       : clean flow 58zsx5ui7go000 cached data
2022-05-03 11:35:27.707  INFO [20880-thread-39] com.flow.eda.runner.utils.FlowLogs       : start running flow 58zsx5ui7go000
2022-05-03 11:35:27.709  INFO [:58zsx5ui7go000] com.flow.eda.runner.utils.FlowLogs       : start running [timer] node. input:{"times": "3", "period": "3,SECONDS", "timestamp": "HH:mm:ss", "payload": {"a": "123"}}
2022-05-03 11:35:27.710  INFO [scheduledTask-1] com.flow.eda.runner.utils.FlowLogs       : run [timer] node finished. output:{"input": {"a": "123"}, "timestamp": "11:35:27"}
2022-05-03 11:35:27.710  INFO [:58zsx5ui7go000] com.flow.eda.runner.utils.FlowLogs       : run [output] node finished. output:{"input": {"a": "123"}, "timestamp": "11:35:27", "params": {"a": "123"}}
2022-05-03 11:35:27.710  INFO [:58zsx5ui7go000] com.flow.eda.runner.utils.FlowLogs       : start running [output] node. input:{"input": {"a": "123"}, "timestamp": "11:35:27"}
2022-05-03 11:35:30.724  INFO [scheduledTask-1] com.flow.eda.runner.utils.FlowLogs       : run [timer] node finished. output:{"input": {"a": "123"}, "timestamp": "11:35:30"}
2022-05-03 11:35:30.725  INFO [:58zsx5ui7go000] com.flow.eda.runner.utils.FlowLogs       : start running [output] node. input:{"input": {"a": "123"}, "timestamp": "11:35:30", "params": {"a": "123"}}
2022-05-03 11:35:30.726  INFO [:58zsx5ui7go000] com.flow.eda.runner.utils.FlowLogs       : run [output] node finished. output:{"input": {"a": "123"}, "timestamp": "11:35:30", "params": {"a": "123"}}
2022-05-03 11:35:33.724  INFO [scheduledTask-1] com.flow.eda.runner.utils.FlowLogs       : run [timer] node finished. output:{"input": {"a": "123"}, "timestamp": "11:35:33"}
2022-05-03 11:35:33.727  INFO [scheduledTask-1] com.flow.eda.runner.utils.FlowLogs       : flow 58zsx5ui7go000 run finished
2022-05-03 11:35:33.729  INFO [:58zsx5ui7go000] com.flow.eda.runner.utils.FlowLogs       : start running [output] node. input:{"input": {"a": "123"}, "timestamp": "11:35:33", "params": {"a": "123"}}
2022-05-03 11:35:33.729  INFO [:58zsx5ui7go000] com.flow.eda.runner.utils.FlowLogs       : run [output] node finished. output:{"input": {"a": "123"}, "timestamp": "11:35:33", "params": {"a": "123"}}
2022-05-03 11:35:33.730  INFO [:58zsx5ui7go000] com.flow.eda.runner.utils.FlowLogs       : flow 58zsx5ui7go000 run finished
2022-05-03 11:35:35.895  INFO [20880-thread-40] com.flow.eda.runner.utils.FlowLogs       : clean flow 58zsx5ui7go000 cached data
2022-05-03 11:35:53.281  INFO [20880-thread-41] com.flow.eda.runner.utils.FlowLogs       : start running flow 58zsx5ui7go000
2022-05-03 11:35:53.282  INFO [:58zsx5ui7go000] com.flow.eda.runner.utils.FlowLogs       : start running [timer] node. input:{"times": "3", "period": "3,SECONDS", "timestamp": "HH:mm:ss", "payload": {"a": "123"}}
2022-05-03 11:35:53.282  INFO [scheduledTask-1] com.flow.eda.runner.utils.FlowLogs       : run [timer] node finished. output:{"input": {"a": "123"}, "timestamp": "11:35:53"}
2022-05-03 11:35:53.283  INFO [:58zsx5ui7go000] com.flow.eda.runner.utils.FlowLogs       : start running [output] node. input:{"input": {"a": "123"}, "timestamp": "11:35:53"}
2022-05-03 11:35:53.283  INFO [:58zsx5ui7go000] com.flow.eda.runner.utils.FlowLogs       : run [output] node finished. output:{"input": {"a": "123"}, "timestamp": "11:35:53", "params": {"a": "123"}}
2022-05-03 11:35:56.292  INFO [scheduledTask-1] com.flow.eda.runner.utils.FlowLogs       : run [timer] node finished. output:{"input": {"a": "123"}, "timestamp": "11:35:56"}
2022-05-03 11:35:56.292  INFO [:58zsx5ui7go000] com.flow.eda.runner.utils.FlowLogs       : start running [output] node. input:{"input": {"a": "123"}, "timestamp": "11:35:56", "params": {"a": "123"}}
2022-05-03 11:35:56.292  INFO [:58zsx5ui7go000] com.flow.eda.runner.utils.FlowLogs       : run [output] node finished. output:{"input": {"a": "123"}, "timestamp": "11:35:56", "params": {"a": "123"}}
2022-05-03 11:35:59.288  INFO [scheduledTask-1] com.flow.eda.runner.utils.FlowLogs       : run [timer] node finished. output:{"input": {"a": "123"}, "timestamp": "11:35:59"}
2022-05-03 11:35:59.291  INFO [scheduledTask-1] com.flow.eda.runner.utils.FlowLogs       : flow 58zsx5ui7go000 run finished
2022-05-03 11:35:59.293  INFO [:58zsx5ui7go000] com.flow.eda.runner.utils.FlowLogs       : start running [output] node. input:{"input": {"a": "123"}, "timestamp": "11:35:59", "params": {"a": "123"}}
2022-05-03 11:35:59.293  INFO [:58zsx5ui7go000] com.flow.eda.runner.utils.FlowLogs       : run [output] node finished. output:{"input": {"a": "123"}, "timestamp": "11:35:59", "params": {"a": "123"}}
2022-05-03 11:35:59.294  INFO [:58zsx5ui7go000] com.flow.eda.runner.utils.FlowLogs       : flow 58zsx5ui7go000 run finished
2022-05-03 11:36:01.416  INFO [20880-thread-42] com.flow.eda.runner.utils.FlowLogs       : clean flow 58zsx5ui7go000 cached data
2022-05-03 11:37:13.538  INFO [20880-thread-43] com.flow.eda.runner.utils.FlowLogs       : start running flow 58zsx5ui7go000
2022-05-03 11:37:13.543  INFO [:58zsx5ui7go000] com.flow.eda.runner.utils.FlowLogs       : start running [timer] node. input:{"times": "3", "period": "3,SECONDS", "timestamp": "HH:mm:ss", "payload": {"a": "123"}}
2022-05-03 11:37:13.545  INFO [scheduledTask-1] com.flow.eda.runner.utils.FlowLogs       : run [timer] node finished. output:{"input": {"a": "123"}, "timestamp": "11:37:13"}
2022-05-03 11:37:13.547  INFO [:58zsx5ui7go000] com.flow.eda.runner.utils.FlowLogs       : start running [output] node. input:{"input": {"a": "123"}, "timestamp": "11:37:13"}
2022-05-03 11:37:13.548  INFO [:58zsx5ui7go000] com.flow.eda.runner.utils.FlowLogs       : run [output] node finished. output:{"input": {"a": "123"}, "timestamp": "11:37:13", "params": {"a": "123"}}
2022-05-03 11:37:16.557  INFO [scheduledTask-1] com.flow.eda.runner.utils.FlowLogs       : run [timer] node finished. output:{"input": {"a": "123"}, "timestamp": "11:37:16"}
2022-05-03 11:37:16.558  INFO [:58zsx5ui7go000] com.flow.eda.runner.utils.FlowLogs       : start running [output] node. input:{"input": {"a": "123"}, "timestamp": "11:37:16", "params": {"a": "123"}}
2022-05-03 11:37:16.558  INFO [:58zsx5ui7go000] com.flow.eda.runner.utils.FlowLogs       : run [output] node finished. output:{"input": {"a": "123"}, "timestamp": "11:37:16", "params": {"a": "123"}}
2022-05-03 11:37:19.554  INFO [scheduledTask-1] com.flow.eda.runner.utils.FlowLogs       : run [timer] node finished. output:{"input": {"a": "123"}, "timestamp": "11:37:19"}
2022-05-03 11:37:19.555  INFO [scheduledTask-1] com.flow.eda.runner.utils.FlowLogs       : flow 58zsx5ui7go000 run finished
2022-05-03 11:37:19.555  INFO [:58zsx5ui7go000] com.flow.eda.runner.utils.FlowLogs       : run [output] node finished. output:{"input": {"a": "123"}, "timestamp": "11:37:19", "params": {"a": "123"}}
2022-05-03 11:37:19.555  INFO [:58zsx5ui7go000] com.flow.eda.runner.utils.FlowLogs       : start running [output] node. input:{"input": {"a": "123"}, "timestamp": "11:37:19", "params": {"a": "123"}}
2022-05-03 11:37:19.556  INFO [:58zsx5ui7go000] com.flow.eda.runner.utils.FlowLogs       : flow 58zsx5ui7go000 run finished
2022-05-03 11:37:21.704  INFO [20880-thread-44] com.flow.eda.runner.utils.FlowLogs       : clean flow 58zsx5ui7go000 cached data
2022-05-03 11:37:45.601  INFO [20880-thread-45] com.flow.eda.runner.utils.FlowLogs       : start running flow 58zsx5ui7go000
2022-05-03 11:37:45.602  INFO [:58zsx5ui7go000] com.flow.eda.runner.utils.FlowLogs       : start running [timer] node. input:{"times": "3", "period": "3,SECONDS", "timestamp": "HH:mm:ss", "payload": {"a": "123"}}
2022-05-03 11:37:45.603  INFO [scheduledTask-1] com.flow.eda.runner.utils.FlowLogs       : run [timer] node finished. output:{"input": {"a": "123"}, "timestamp": "11:37:45"}
2022-05-03 11:37:45.603  INFO [:58zsx5ui7go000] com.flow.eda.runner.utils.FlowLogs       : start running [output] node. input:{"input": {"a": "123"}, "timestamp": "11:37:45"}
2022-05-03 11:37:45.603  INFO [:58zsx5ui7go000] com.flow.eda.runner.utils.FlowLogs       : run [output] node finished. output:{"input": {"a": "123"}, "timestamp": "11:37:45", "params": {"a": "123"}}
2022-05-03 11:37:48.613  INFO [scheduledTask-1] com.flow.eda.runner.utils.FlowLogs       : run [timer] node finished. output:{"input": {"a": "123"}, "timestamp": "11:37:48"}
2022-05-03 11:37:48.613  INFO [:58zsx5ui7go000] com.flow.eda.runner.utils.FlowLogs       : start running [output] node. input:{"input": {"a": "123"}, "timestamp": "11:37:48", "params": {"a": "123"}}
2022-05-03 11:37:48.613  INFO [:58zsx5ui7go000] com.flow.eda.runner.utils.FlowLogs       : run [output] node finished. output:{"input": {"a": "123"}, "timestamp": "11:37:48", "params": {"a": "123"}}
2022-05-03 11:37:51.625  INFO [scheduledTask-1] com.flow.eda.runner.utils.FlowLogs       : run [timer] node finished. output:{"input": {"a": "123"}, "timestamp": "11:37:51"}
2022-05-03 11:37:51.628  INFO [scheduledTask-1] com.flow.eda.runner.utils.FlowLogs       : flow 58zsx5ui7go000 run finished
2022-05-03 11:37:51.630  INFO [:58zsx5ui7go000] com.flow.eda.runner.utils.FlowLogs       : run [output] node finished. output:{"input": {"a": "123"}, "timestamp": "11:37:51", "params": {"a": "123"}}
2022-05-03 11:37:51.630  INFO [:58zsx5ui7go000] com.flow.eda.runner.utils.FlowLogs       : start running [output] node. input:{"input": {"a": "123"}, "timestamp": "11:37:51", "params": {"a": "123"}}
2022-05-03 11:37:51.630  INFO [:58zsx5ui7go000] com.flow.eda.runner.utils.FlowLogs       : flow 58zsx5ui7go000 run finished
2022-05-03 11:37:51.738  INFO [20880-thread-46] com.flow.eda.runner.utils.FlowLogs       : clean flow 58zsx5ui7go000 cached data
2022-05-03 11:38:51.290  INFO [20880-thread-47] com.flow.eda.runner.utils.FlowLogs       : start running flow 58zsx5ui7go000
2022-05-03 11:38:51.291  INFO [:58zsx5ui7go000] com.flow.eda.runner.utils.FlowLogs       : start running [timer] node. input:{"times": "3", "period": "3,SECONDS", "timestamp": "HH:mm:ss", "payload": {"a": "123"}}
2022-05-03 11:38:51.291  INFO [scheduledTask-1] com.flow.eda.runner.utils.FlowLogs       : run [timer] node finished. output:{"input": {"a": "123"}, "timestamp": "11:38:51"}
2022-05-03 11:38:51.292  INFO [:58zsx5ui7go000] com.flow.eda.runner.utils.FlowLogs       : start running [output] node. input:{"input": {"a": "123"}, "timestamp": "11:38:51"}
2022-05-03 11:38:51.292  INFO [:58zsx5ui7go000] com.flow.eda.runner.utils.FlowLogs       : run [output] node finished. output:{"input": {"a": "123"}, "timestamp": "11:38:51", "params": {"a": "123"}}
2022-05-03 11:38:54.292  INFO [scheduledTask-1] com.flow.eda.runner.utils.FlowLogs       : run [timer] node finished. output:{"input": {"a": "123"}, "timestamp": "11:38:54"}
2022-05-03 11:38:54.293  INFO [:58zsx5ui7go000] com.flow.eda.runner.utils.FlowLogs       : start running [output] node. input:{"input": {"a": "123"}, "timestamp": "11:38:54", "params": {"a": "123"}}
2022-05-03 11:38:54.293  INFO [:58zsx5ui7go000] com.flow.eda.runner.utils.FlowLogs       : run [output] node finished. output:{"input": {"a": "123"}, "timestamp": "11:38:54", "params": {"a": "123"}}
2022-05-03 11:38:57.304  INFO [scheduledTask-1] com.flow.eda.runner.utils.FlowLogs       : flow 58zsx5ui7go000 run finished
2022-05-03 11:38:57.305  INFO [:58zsx5ui7go000] com.flow.eda.runner.utils.FlowLogs       : start running [output] node. input:{"input": {"a": "123"}, "timestamp": "11:38:57", "params": {"a": "123"}}
2022-05-03 11:38:57.304  INFO [scheduledTask-1] com.flow.eda.runner.utils.FlowLogs       : run [timer] node finished. output:{"input": {"a": "123"}, "timestamp": "11:38:57"}
2022-05-03 11:38:57.305  INFO [:58zsx5ui7go000] com.flow.eda.runner.utils.FlowLogs       : run [output] node finished. output:{"input": {"a": "123"}, "timestamp": "11:38:57", "params": {"a": "123"}}
2022-05-03 11:38:57.305  INFO [:58zsx5ui7go000] com.flow.eda.runner.utils.FlowLogs       : flow 58zsx5ui7go000 run finished
2022-05-03 11:38:59.449  INFO [20880-thread-48] com.flow.eda.runner.utils.FlowLogs       : clean flow 58zsx5ui7go000 cached data
2022-05-03 12:14:01.531  INFO [20880-thread-72] com.flow.eda.runner.utils.FlowLogs       : start running flow 58zsx5ui7go000
2022-05-03 12:14:01.536  INFO [:58zsx5ui7go000] com.flow.eda.runner.utils.FlowLogs       : start running [timer] node. input:{"times": "3", "period": "5,SECONDS", "timestamp": "HH:mm:ss", "payload": {"a": "123"}}
2022-05-03 12:14:01.537  INFO [scheduledTask-1] com.flow.eda.runner.utils.FlowLogs       : run [timer] node finished. output:{"input": {"a": "123"}, "timestamp": "12:14:01"}
2022-05-03 12:14:01.538  INFO [:58zsx5ui7go000] com.flow.eda.runner.utils.FlowLogs       : start running [output] node. input:{"input": {"a": "123"}, "timestamp": "12:14:01"}
2022-05-03 12:14:01.539  INFO [:58zsx5ui7go000] com.flow.eda.runner.utils.FlowLogs       : run [output] node finished. output:{"input": {"a": "123"}, "timestamp": "12:14:01", "params": {"a": "123"}}
2022-05-03 12:14:03.714  INFO [20880-thread-73] com.flow.eda.runner.utils.FlowLogs       : stop flow 58zsx5ui7go000
2022-05-03 12:14:07.760  INFO [20880-thread-74] com.flow.eda.runner.utils.FlowLogs       : clean flow 58zsx5ui7go000 cached data
2022-05-03 12:14:08.961  INFO [20880-thread-75] com.flow.eda.runner.utils.FlowLogs       : start running flow 58zsx5ui7go000
2022-05-03 12:14:08.963  INFO [:58zsx5ui7go000] com.flow.eda.runner.utils.FlowLogs       : start running [timer] node. input:{"times": "3", "period": "5,SECONDS", "timestamp": "HH:mm:ss", "payload": {"a": "123"}}
2022-05-03 12:14:08.964  INFO [scheduledTask-1] com.flow.eda.runner.utils.FlowLogs       : run [timer] node finished. output:{"input": {"a": "123"}, "timestamp": "12:14:08"}
2022-05-03 12:14:08.964  INFO [:58zsx5ui7go000] com.flow.eda.runner.utils.FlowLogs       : start running [output] node. input:{"input": {"a": "123"}, "timestamp": "12:14:08"}
2022-05-03 12:14:08.964  INFO [:58zsx5ui7go000] com.flow.eda.runner.utils.FlowLogs       : run [output] node finished. output:{"input": {"a": "123"}, "timestamp": "12:14:08", "params": {"a": "123"}}
2022-05-03 12:14:10.637  INFO [20880-thread-76] com.flow.eda.runner.utils.FlowLogs       : stop flow 58zsx5ui7go000
2022-05-03 12:14:13.107  INFO [20880-thread-77] com.flow.eda.runner.utils.FlowLogs       : clean flow 58zsx5ui7go000 cached data
2022-05-03 13:44:22.190  INFO [:20882-thread-5] com.flow.eda.runner.utils.FlowLogs       : start running flow 58zsx5ui7go000
2022-05-03 13:44:22.452  INFO [scheduledTask-1] com.flow.eda.runner.utils.FlowLogs       : run [timer] node finished. output:{"input": {"a": "123"}, "timestamp": "13:44:22"}
2022-05-03 13:44:22.454  INFO [:58zsx5ui7go000] com.flow.eda.runner.utils.FlowLogs       : start running [output] node. input:{"input": {"a": "123"}, "timestamp": "13:44:22"}
2022-05-03 13:44:22.454  INFO [:58zsx5ui7go000] com.flow.eda.runner.utils.FlowLogs       : run [output] node finished. output:{"input": {"a": "123"}, "timestamp": "13:44:22", "params": {"a": "123"}}
2022-05-03 13:44:22.446  INFO [:58zsx5ui7go000] com.flow.eda.runner.utils.FlowLogs       : start running [timer] node. input:{"times": "3", "period": "5,SECONDS", "timestamp": "HH:mm:ss", "payload": {"a": "123"}}
2022-05-03 13:44:27.459  INFO [scheduledTask-1] com.flow.eda.runner.utils.FlowLogs       : run [timer] node finished. output:{"input": {"a": "123"}, "timestamp": "13:44:27"}
2022-05-03 13:44:27.460  INFO [:58zsx5ui7go000] com.flow.eda.runner.utils.FlowLogs       : run [output] node finished. output:{"input": {"a": "123"}, "timestamp": "13:44:27", "params": {"a": "123"}}
2022-05-03 13:44:27.460  INFO [:58zsx5ui7go000] com.flow.eda.runner.utils.FlowLogs       : start running [output] node. input:{"input": {"a": "123"}, "timestamp": "13:44:27", "params": {"a": "123"}}
2022-05-03 13:44:32.459  INFO [scheduledTask-1] com.flow.eda.runner.utils.FlowLogs       : run [timer] node finished. output:{"input": {"a": "123"}, "timestamp": "13:44:32"}
2022-05-03 13:44:32.463  INFO [:58zsx5ui7go000] com.flow.eda.runner.utils.FlowLogs       : start running [output] node. input:{"input": {"a": "123"}, "timestamp": "13:44:32", "params": {"a": "123"}}
2022-05-03 13:44:32.462  INFO [scheduledTask-1] com.flow.eda.runner.utils.FlowLogs       : flow 58zsx5ui7go000 run finished
2022-05-03 13:44:32.463  INFO [:58zsx5ui7go000] com.flow.eda.runner.utils.FlowLogs       : run [output] node finished. output:{"input": {"a": "123"}, "timestamp": "13:44:32", "params": {"a": "123"}}
2022-05-03 13:44:32.463  INFO [:58zsx5ui7go000] com.flow.eda.runner.utils.FlowLogs       : flow 58zsx5ui7go000 run finished
2022-05-03 13:44:36.712  INFO [:20882-thread-6] com.flow.eda.runner.utils.FlowLogs       : clean flow 58zsx5ui7go000 cached data
