2022-05-04 18:59:37.739  INFO [:20882-thread-7] com.flow.eda.runner.utils.FlowLogs       : start running flow 41fwmav2z3k000
2022-05-04 18:59:37.744  INFO [:41fwmav2z3k000] com.flow.eda.runner.utils.FlowLogs       : run [start] node finished. output:{"input": {"a": "xxx"}}
2022-05-04 18:59:37.744  INFO [:41fwmav2z3k000] com.flow.eda.runner.utils.FlowLogs       : start running [start] node. input:{"payload": {"a": "xxx"}}
2022-05-04 18:59:37.750  INFO [:41fwmav2z3k000] com.flow.eda.runner.utils.FlowLogs       : start running [output] node. input:{"input": {"a": "xxx"}}
2022-05-04 18:59:37.751  INFO [:41fwmav2z3k000] com.flow.eda.runner.utils.FlowLogs       : run [output] node finished. output:{"input": {"a": "xxx"}, "params": {"a": "xxx"}}
2022-05-04 18:59:37.752  INFO [:41fwmav2z3k000] com.flow.eda.runner.utils.FlowLogs       : flow 41fwmav2z3k000 run finished
2022-05-04 18:59:40.554  INFO [:20882-thread-8] com.flow.eda.runner.utils.FlowLogs       : start running flow 41fwmav2z3k000
2022-05-04 18:59:40.555  INFO [:41fwmav2z3k000] com.flow.eda.runner.utils.FlowLogs       : run [start] node finished. output:{"input": {"a": "xxx"}}
2022-05-04 18:59:40.555  INFO [:41fwmav2z3k000] com.flow.eda.runner.utils.FlowLogs       : start running [start] node. input:{"payload": {"a": "xxx"}}
2022-05-04 18:59:40.556  INFO [:41fwmav2z3k000] com.flow.eda.runner.utils.FlowLogs       : start running [output] node. input:{"input": {"a": "xxx"}}
2022-05-04 18:59:40.556  INFO [:41fwmav2z3k000] com.flow.eda.runner.utils.FlowLogs       : run [output] node finished. output:{"input": {"a": "xxx"}, "params": {"a": "xxx"}}
2022-05-04 18:59:40.556  INFO [:41fwmav2z3k000] com.flow.eda.runner.utils.FlowLogs       : flow 41fwmav2z3k000 run finished
2022-05-04 18:59:42.280  INFO [:20882-thread-9] com.flow.eda.runner.utils.FlowLogs       : start running flow 41fwmav2z3k000
2022-05-04 18:59:42.283  INFO [:41fwmav2z3k000] com.flow.eda.runner.utils.FlowLogs       : start running [start] node. input:{"payload": {"a": "xxx"}}
2022-05-04 18:59:42.284  INFO [:41fwmav2z3k000] com.flow.eda.runner.utils.FlowLogs       : run [start] node finished. output:{"input": {"a": "xxx"}}
2022-05-04 18:59:42.286  INFO [:41fwmav2z3k000] com.flow.eda.runner.utils.FlowLogs       : start running [output] node. input:{"input": {"a": "xxx"}}
2022-05-04 18:59:42.287  INFO [:41fwmav2z3k000] com.flow.eda.runner.utils.FlowLogs       : run [output] node finished. output:{"input": {"a": "xxx"}, "params": {"a": "xxx"}}
2022-05-04 18:59:42.288  INFO [:41fwmav2z3k000] com.flow.eda.runner.utils.FlowLogs       : flow 41fwmav2z3k000 run finished
2022-05-04 18:59:44.675  INFO [20882-thread-10] com.flow.eda.runner.utils.FlowLogs       : start running flow 41fwmav2z3k000
2022-05-04 18:59:44.676  INFO [:41fwmav2z3k000] com.flow.eda.runner.utils.FlowLogs       : start running [start] node. input:{"payload": {"a": "xxx"}}
2022-05-04 18:59:44.676  INFO [:41fwmav2z3k000] com.flow.eda.runner.utils.FlowLogs       : run [start] node finished. output:{"input": {"a": "xxx"}}
2022-05-04 18:59:44.677  INFO [:41fwmav2z3k000] com.flow.eda.runner.utils.FlowLogs       : start running [output] node. input:{"input": {"a": "xxx"}}
2022-05-04 18:59:44.677  INFO [:41fwmav2z3k000] com.flow.eda.runner.utils.FlowLogs       : run [output] node finished. output:{"input": {"a": "xxx"}, "params": {"a": "xxx"}}
2022-05-04 18:59:44.678  INFO [:41fwmav2z3k000] com.flow.eda.runner.utils.FlowLogs       : flow 41fwmav2z3k000 run finished
2022-05-04 18:59:47.907  INFO [20882-thread-11] com.flow.eda.runner.utils.FlowLogs       : clean flow 41fwmav2z3k000 cached data
