2022-05-04 19:00:40.287  INFO [20882-thread-16] com.flow.eda.runner.utils.FlowLogs       : start running flow 3xgebwpxll6000
2022-05-04 19:00:40.289  INFO [:3xgebwpxll6000] com.flow.eda.runner.utils.FlowLogs       : start running [start] node. input:{}
2022-05-04 19:00:40.289  INFO [:3xgebwpxll6000] com.flow.eda.runner.utils.FlowLogs       : run [start] node finished. output:{}
2022-05-04 19:00:40.291  INFO [:3xgebwpxll6000] com.flow.eda.runner.utils.FlowLogs       : start running [output] node. input:{}
2022-05-04 19:00:40.291  INFO [:3xgebwpxll6000] com.flow.eda.runner.utils.FlowLogs       : run [output] node finished. output:{"params": {}}
2022-05-04 19:00:40.292  INFO [:3xgebwpxll6000] com.flow.eda.runner.utils.FlowLogs       : flow 3xgebwpxll6000 run finished
2022-05-04 19:00:41.552  INFO [20882-thread-17] com.flow.eda.runner.utils.FlowLogs       : start running flow 3xgebwpxll6000
2022-05-04 19:00:41.554  INFO [:3xgebwpxll6000] com.flow.eda.runner.utils.FlowLogs       : start running [start] node. input:{}
2022-05-04 19:00:41.554  INFO [:3xgebwpxll6000] com.flow.eda.runner.utils.FlowLogs       : run [start] node finished. output:{}
2022-05-04 19:00:41.555  INFO [:3xgebwpxll6000] com.flow.eda.runner.utils.FlowLogs       : start running [output] node. input:{}
2022-05-04 19:00:41.555  INFO [:3xgebwpxll6000] com.flow.eda.runner.utils.FlowLogs       : flow 3xgebwpxll6000 run finished
2022-05-04 19:00:41.555  INFO [:3xgebwpxll6000] com.flow.eda.runner.utils.FlowLogs       : run [output] node finished. output:{"params": {}}
2022-05-04 19:00:43.211  INFO [20882-thread-18] com.flow.eda.runner.utils.FlowLogs       : start running flow 3xgebwpxll6000
2022-05-04 19:00:43.212  INFO [:3xgebwpxll6000] com.flow.eda.runner.utils.FlowLogs       : start running [start] node. input:{}
2022-05-04 19:00:43.212  INFO [:3xgebwpxll6000] com.flow.eda.runner.utils.FlowLogs       : run [start] node finished. output:{}
2022-05-04 19:00:43.213  INFO [:3xgebwpxll6000] com.flow.eda.runner.utils.FlowLogs       : run [output] node finished. output:{"params": {}}
2022-05-04 19:00:43.214  INFO [:3xgebwpxll6000] com.flow.eda.runner.utils.FlowLogs       : flow 3xgebwpxll6000 run finished
2022-05-04 19:00:43.213  INFO [:3xgebwpxll6000] com.flow.eda.runner.utils.FlowLogs       : start running [output] node. input:{}
2022-05-04 19:00:46.529  INFO [20882-thread-19] com.flow.eda.runner.utils.FlowLogs       : clean flow 3xgebwpxll6000 cached data
2022-05-04 19:00:50.087  INFO [20882-thread-20] com.flow.eda.runner.utils.FlowLogs       : start running flow 3xgebwpxll6000
2022-05-04 19:00:50.088  INFO [:3xgebwpxll6000] com.flow.eda.runner.utils.FlowLogs       : run [start] node finished. output:{}
2022-05-04 19:00:50.088  INFO [:3xgebwpxll6000] com.flow.eda.runner.utils.FlowLogs       : start running [start] node. input:{}
2022-05-04 19:00:50.090  INFO [:3xgebwpxll6000] com.flow.eda.runner.utils.FlowLogs       : start running [output] node. input:{}
2022-05-04 19:00:50.090  INFO [:3xgebwpxll6000] com.flow.eda.runner.utils.FlowLogs       : run [output] node finished. output:{"params": {}}
2022-05-04 19:00:50.090  INFO [:3xgebwpxll6000] com.flow.eda.runner.utils.FlowLogs       : flow 3xgebwpxll6000 run finished
2022-05-04 19:00:52.616  INFO [20882-thread-21] com.flow.eda.runner.utils.FlowLogs       : start running flow 3xgebwpxll6000
2022-05-04 19:00:52.618  INFO [:3xgebwpxll6000] com.flow.eda.runner.utils.FlowLogs       : start running [start] node. input:{}
2022-05-04 19:00:52.618  INFO [:3xgebwpxll6000] com.flow.eda.runner.utils.FlowLogs       : run [start] node finished. output:{}
2022-05-04 19:00:52.619  INFO [:3xgebwpxll6000] com.flow.eda.runner.utils.FlowLogs       : start running [output] node. input:{}
2022-05-04 19:00:52.619  INFO [:3xgebwpxll6000] com.flow.eda.runner.utils.FlowLogs       : run [output] node finished. output:{"params": {}}
2022-05-04 19:00:52.620  INFO [:3xgebwpxll6000] com.flow.eda.runner.utils.FlowLogs       : flow 3xgebwpxll6000 run finished
2022-05-04 19:00:56.040  INFO [20882-thread-22] com.flow.eda.runner.utils.FlowLogs       : start running flow 3xgebwpxll6000
2022-05-04 19:00:56.041  INFO [:3xgebwpxll6000] com.flow.eda.runner.utils.FlowLogs       : start running [start] node. input:{}
2022-05-04 19:00:56.041  INFO [:3xgebwpxll6000] com.flow.eda.runner.utils.FlowLogs       : run [start] node finished. output:{}
2022-05-04 19:00:56.042  INFO [:3xgebwpxll6000] com.flow.eda.runner.utils.FlowLogs       : start running [output] node. input:{}
2022-05-04 19:00:56.043  INFO [:3xgebwpxll6000] com.flow.eda.runner.utils.FlowLogs       : run [output] node finished. output:{"params": {}}
2022-05-04 19:00:56.043  INFO [:3xgebwpxll6000] com.flow.eda.runner.utils.FlowLogs       : flow 3xgebwpxll6000 run finished
2022-05-04 19:00:58.259  INFO [20882-thread-23] com.flow.eda.runner.utils.FlowLogs       : clean flow 3xgebwpxll6000 cached data
